-------------------------------------------------------------------------------
Test set: com.ines.restaurants.RestaurantsApplicationTests
-------------------------------------------------------------------------------
Tests run: 13, Failures: 0, Errors: 11, Skipped: 0, Time elapsed: 578.232 s <<< FAILURE! - in com.ines.restaurants.RestaurantsApplicationTests
testCreateRestaurant  Time elapsed: 264.207 s  <<< ERROR!
org.springframework.transaction.TransactionSystemException: Could not roll back JPA transaction
	at com.ines.restaurants.RestaurantsApplicationTests.testCreateRestaurant(RestaurantsApplicationTests.java:27)
Caused by: org.hibernate.TransactionException: Unable to rollback against JDBC Connection
	at com.ines.restaurants.RestaurantsApplicationTests.testCreateRestaurant(RestaurantsApplicationTests.java:27)
Caused by: java.sql.SQLException: Connection is closed
	at com.ines.restaurants.RestaurantsApplicationTests.testCreateRestaurant(RestaurantsApplicationTests.java:27)

testFindByNomRestaurantContains  Time elapsed: 30.497 s  <<< ERROR!
org.springframework.dao.DataAccessResourceFailureException: Unable to acquire JDBC Connection
	at com.ines.restaurants.RestaurantsApplicationTests.testFindByNomRestaurantContains(RestaurantsApplicationTests.java:78)
Caused by: org.hibernate.exception.JDBCConnectionException: Unable to acquire JDBC Connection
	at com.ines.restaurants.RestaurantsApplicationTests.testFindByNomRestaurantContains(RestaurantsApplicationTests.java:78)
Caused by: java.sql.SQLTransientConnectionException: HikariPool-1 - Connection is not available, request timed out after 30012ms.
	at com.ines.restaurants.RestaurantsApplicationTests.testFindByNomRestaurantContains(RestaurantsApplicationTests.java:78)
Caused by: com.mysql.cj.jdbc.exceptions.CommunicationsException: 
Communications link failure

The last packet sent successfully to the server was 0 milliseconds ago. The driver has not received any packets from the server.
Caused by: com.mysql.cj.exceptions.CJCommunicationsException: 
Communications link failure

The last packet sent successfully to the server was 0 milliseconds ago. The driver has not received any packets from the server.
Caused by: java.net.ConnectException: Connection refused: no further information

testDeleteRestaurant  Time elapsed: 30.06 s  <<< ERROR!
org.springframework.transaction.CannotCreateTransactionException: Could not open JPA EntityManager for transaction
	at com.ines.restaurants.RestaurantsApplicationTests.testDeleteRestaurant(RestaurantsApplicationTests.java:49)
Caused by: org.hibernate.exception.JDBCConnectionException: Unable to acquire JDBC Connection
	at com.ines.restaurants.RestaurantsApplicationTests.testDeleteRestaurant(RestaurantsApplicationTests.java:49)
Caused by: java.sql.SQLTransientConnectionException: HikariPool-1 - Connection is not available, request timed out after 30009ms.
	at com.ines.restaurants.RestaurantsApplicationTests.testDeleteRestaurant(RestaurantsApplicationTests.java:49)
Caused by: com.mysql.cj.jdbc.exceptions.CommunicationsException: 
Communications link failure

The last packet sent successfully to the server was 0 milliseconds ago. The driver has not received any packets from the server.
Caused by: com.mysql.cj.exceptions.CJCommunicationsException: 
Communications link failure

The last packet sent successfully to the server was 0 milliseconds ago. The driver has not received any packets from the server.
Caused by: java.net.ConnectException: Connection refused: no further information

testUpdateRestaurant  Time elapsed: 30.048 s  <<< ERROR!
org.springframework.transaction.CannotCreateTransactionException: Could not open JPA EntityManager for transaction
	at com.ines.restaurants.RestaurantsApplicationTests.testUpdateRestaurant(RestaurantsApplicationTests.java:40)
Caused by: org.hibernate.exception.JDBCConnectionException: Unable to acquire JDBC Connection
	at com.ines.restaurants.RestaurantsApplicationTests.testUpdateRestaurant(RestaurantsApplicationTests.java:40)
Caused by: java.sql.SQLTransientConnectionException: HikariPool-1 - Connection is not available, request timed out after 30015ms.
	at com.ines.restaurants.RestaurantsApplicationTests.testUpdateRestaurant(RestaurantsApplicationTests.java:40)
Caused by: com.mysql.cj.jdbc.exceptions.CommunicationsException: 
Communications link failure

The last packet sent successfully to the server was 0 milliseconds ago. The driver has not received any packets from the server.
Caused by: com.mysql.cj.exceptions.CJCommunicationsException: 
Communications link failure

The last packet sent successfully to the server was 0 milliseconds ago. The driver has not received any packets from the server.
Caused by: java.net.ConnectException: Connection refused: no further information

testFindRestaurant  Time elapsed: 30.041 s  <<< ERROR!
org.springframework.transaction.CannotCreateTransactionException: Could not open JPA EntityManager for transaction
	at com.ines.restaurants.RestaurantsApplicationTests.testFindRestaurant(RestaurantsApplicationTests.java:33)
Caused by: org.hibernate.exception.JDBCConnectionException: Unable to acquire JDBC Connection
	at com.ines.restaurants.RestaurantsApplicationTests.testFindRestaurant(RestaurantsApplicationTests.java:33)
Caused by: java.sql.SQLTransientConnectionException: HikariPool-1 - Connection is not available, request timed out after 30015ms.
	at com.ines.restaurants.RestaurantsApplicationTests.testFindRestaurant(RestaurantsApplicationTests.java:33)
Caused by: com.mysql.cj.jdbc.exceptions.CommunicationsException: 
Communications link failure

The last packet sent successfully to the server was 0 milliseconds ago. The driver has not received any packets from the server.
Caused by: com.mysql.cj.exceptions.CJCommunicationsException: 
Communications link failure

The last packet sent successfully to the server was 0 milliseconds ago. The driver has not received any packets from the server.
Caused by: java.net.ConnectException: Connection refused: no further information

testfindByNomNote  Time elapsed: 30.06 s  <<< ERROR!
org.springframework.dao.DataAccessResourceFailureException: Unable to acquire JDBC Connection
	at com.ines.restaurants.RestaurantsApplicationTests.testfindByNomNote(RestaurantsApplicationTests.java:88)
Caused by: org.hibernate.exception.JDBCConnectionException: Unable to acquire JDBC Connection
	at com.ines.restaurants.RestaurantsApplicationTests.testfindByNomNote(RestaurantsApplicationTests.java:88)
Caused by: java.sql.SQLTransientConnectionException: HikariPool-1 - Connection is not available, request timed out after 30007ms.
	at com.ines.restaurants.RestaurantsApplicationTests.testfindByNomNote(RestaurantsApplicationTests.java:88)
Caused by: com.mysql.cj.jdbc.exceptions.CommunicationsException: 
Communications link failure

The last packet sent successfully to the server was 0 milliseconds ago. The driver has not received any packets from the server.
Caused by: com.mysql.cj.exceptions.CJCommunicationsException: 
Communications link failure

The last packet sent successfully to the server was 0 milliseconds ago. The driver has not received any packets from the server.
Caused by: java.net.ConnectException: Connection refused: no further information

findBySpecialiteIdSpec  Time elapsed: 30.052 s  <<< ERROR!
org.springframework.dao.DataAccessResourceFailureException: Unable to acquire JDBC Connection
	at com.ines.restaurants.RestaurantsApplicationTests.findBySpecialiteIdSpec(RestaurantsApplicationTests.java:111)
Caused by: org.hibernate.exception.JDBCConnectionException: Unable to acquire JDBC Connection
	at com.ines.restaurants.RestaurantsApplicationTests.findBySpecialiteIdSpec(RestaurantsApplicationTests.java:111)
Caused by: java.sql.SQLTransientConnectionException: HikariPool-1 - Connection is not available, request timed out after 30015ms.
	at com.ines.restaurants.RestaurantsApplicationTests.findBySpecialiteIdSpec(RestaurantsApplicationTests.java:111)
Caused by: com.mysql.cj.jdbc.exceptions.CommunicationsException: 
Communications link failure

The last packet sent successfully to the server was 0 milliseconds ago. The driver has not received any packets from the server.
Caused by: com.mysql.cj.exceptions.CJCommunicationsException: 
Communications link failure

The last packet sent successfully to the server was 0 milliseconds ago. The driver has not received any packets from the server.
Caused by: java.net.ConnectException: Connection refused: no further information

testFindByNomRestaurant  Time elapsed: 30.036 s  <<< ERROR!
org.springframework.dao.DataAccessResourceFailureException: Unable to acquire JDBC Connection
	at com.ines.restaurants.RestaurantsApplicationTests.testFindByNomRestaurant(RestaurantsApplicationTests.java:67)
Caused by: org.hibernate.exception.JDBCConnectionException: Unable to acquire JDBC Connection
	at com.ines.restaurants.RestaurantsApplicationTests.testFindByNomRestaurant(RestaurantsApplicationTests.java:67)
Caused by: java.sql.SQLTransientConnectionException: HikariPool-1 - Connection is not available, request timed out after 30002ms.
	at com.ines.restaurants.RestaurantsApplicationTests.testFindByNomRestaurant(RestaurantsApplicationTests.java:67)
Caused by: com.mysql.cj.jdbc.exceptions.CommunicationsException: 
Communications link failure

The last packet sent successfully to the server was 0 milliseconds ago. The driver has not received any packets from the server.
Caused by: com.mysql.cj.exceptions.CJCommunicationsException: 
Communications link failure

The last packet sent successfully to the server was 0 milliseconds ago. The driver has not received any packets from the server.
Caused by: java.net.ConnectException: Connection refused: no further information

testTrierRestaurantsNomsNote  Time elapsed: 30.052 s  <<< ERROR!
org.springframework.dao.DataAccessResourceFailureException: Unable to acquire JDBC Connection
	at com.ines.restaurants.RestaurantsApplicationTests.testTrierRestaurantsNomsNote(RestaurantsApplicationTests.java:131)
Caused by: org.hibernate.exception.JDBCConnectionException: Unable to acquire JDBC Connection
	at com.ines.restaurants.RestaurantsApplicationTests.testTrierRestaurantsNomsNote(RestaurantsApplicationTests.java:131)
Caused by: java.sql.SQLTransientConnectionException: HikariPool-1 - Connection is not available, request timed out after 30016ms.
	at com.ines.restaurants.RestaurantsApplicationTests.testTrierRestaurantsNomsNote(RestaurantsApplicationTests.java:131)
Caused by: com.mysql.cj.jdbc.exceptions.CommunicationsException: 
Communications link failure

The last packet sent successfully to the server was 0 milliseconds ago. The driver has not received any packets from the server.
Caused by: com.mysql.cj.exceptions.CJCommunicationsException: 
Communications link failure

The last packet sent successfully to the server was 0 milliseconds ago. The driver has not received any packets from the server.
Caused by: java.net.ConnectException: Connection refused: no further information

testfindByOrderByNomRestaurantAsc  Time elapsed: 30.038 s  <<< ERROR!
org.springframework.dao.DataAccessResourceFailureException: Unable to acquire JDBC Connection
	at com.ines.restaurants.RestaurantsApplicationTests.testfindByOrderByNomRestaurantAsc(RestaurantsApplicationTests.java:121)
Caused by: org.hibernate.exception.JDBCConnectionException: Unable to acquire JDBC Connection
	at com.ines.restaurants.RestaurantsApplicationTests.testfindByOrderByNomRestaurantAsc(RestaurantsApplicationTests.java:121)
Caused by: java.sql.SQLTransientConnectionException: HikariPool-1 - Connection is not available, request timed out after 30012ms.
	at com.ines.restaurants.RestaurantsApplicationTests.testfindByOrderByNomRestaurantAsc(RestaurantsApplicationTests.java:121)
Caused by: com.mysql.cj.jdbc.exceptions.CommunicationsException: 
Communications link failure

The last packet sent successfully to the server was 0 milliseconds ago. The driver has not received any packets from the server.
Caused by: com.mysql.cj.exceptions.CJCommunicationsException: 
Communications link failure

The last packet sent successfully to the server was 0 milliseconds ago. The driver has not received any packets from the server.
Caused by: java.net.ConnectException: Connection refused: no further information

testfindBySpecialite  Time elapsed: 30.052 s  <<< ERROR!
org.springframework.dao.DataAccessResourceFailureException: Unable to acquire JDBC Connection
	at com.ines.restaurants.RestaurantsApplicationTests.testfindBySpecialite(RestaurantsApplicationTests.java:101)
Caused by: org.hibernate.exception.JDBCConnectionException: Unable to acquire JDBC Connection
	at com.ines.restaurants.RestaurantsApplicationTests.testfindBySpecialite(RestaurantsApplicationTests.java:101)
Caused by: java.sql.SQLTransientConnectionException: HikariPool-1 - Connection is not available, request timed out after 30012ms.
	at com.ines.restaurants.RestaurantsApplicationTests.testfindBySpecialite(RestaurantsApplicationTests.java:101)
Caused by: com.mysql.cj.jdbc.exceptions.CommunicationsException: 
Communications link failure

The last packet sent successfully to the server was 0 milliseconds ago. The driver has not received any packets from the server.
Caused by: com.mysql.cj.exceptions.CJCommunicationsException: 
Communications link failure

The last packet sent successfully to the server was 0 milliseconds ago. The driver has not received any packets from the server.
Caused by: java.net.ConnectException: Connection refused: no further information

